# JRE version: OpenJDK Runtime Environment (8.0_76-b03) (build 1.8.0_76-release-b03)
# Java VM: OpenJDK 64-Bit Server VM (25.76-b03 mixed mode linux-amd64 compressed oops)
Heap:
 def new generation   total 158208K, used 0K [0x00000000c0000000, 0x00000000caba0000, 0x00000000d5550000)
  eden space 140672K,   0% used [0x00000000c0000000, 0x00000000c0000000, 0x00000000c8960000)
  from space 17536K,   0% used [0x00000000c8960000, 0x00000000c8960000, 0x00000000c9a80000)
  to   space 17536K,   0% used [0x00000000c9a80000, 0x00000000c9a80000, 0x00000000caba0000)
 tenured generation   total 380704K, used 321826K [0x00000000d5550000, 0x00000000ec918000, 0x0000000100000000)
   the space 380704K,  84% used [0x00000000d5550000, 0x00000000e8f98820, 0x00000000e8f98a00, 0x00000000ec918000)
 Metaspace       used 73918K, capacity 76186K, committed 76544K, reserved 1116160K
  class space    used 9629K, capacity 10120K, committed 10240K, reserved 1048576K
GC Heap History (10 events):
Event: 686.264 GC heap after
Heap after GC invocations=231 (full 17):
 def new generation   total 158208K, used 17536K [0x00000000c0000000, 0x00000000caba0000, 0x00000000d5550000)
  eden space 140672K,   0% used [0x00000000c0000000, 0x00000000c0000000, 0x00000000c8960000)
  from space 17536K, 100% used [0x00000000c9a80000, 0x00000000caba0000, 0x00000000caba0000)
  to   space 17536K,   0% used [0x00000000c8960000, 0x00000000c8960000, 0x00000000c9a80000)
 tenured generation   total 351328K, used 218509K [0x00000000d5550000, 0x00000000eac68000, 0x0000000100000000)
   the space 351328K,  62% used [0x00000000d5550000, 0x00000000e2ab3488, 0x00000000e2ab3600, 0x00000000eac68000)
 Metaspace       used 73916K, capacity 76186K, committed 76544K, reserved 1116160K
  class space    used 9629K, capacity 10120K, committed 10240K, reserved 1048576K
}
Event: 688.717 GC heap before
{Heap before GC invocations=231 (full 17):
 def new generation   total 158208K, used 158208K [0x00000000c0000000, 0x00000000caba0000, 0x00000000d5550000)
  eden space 140672K, 100% used [0x00000000c0000000, 0x00000000c8960000, 0x00000000c8960000)
  from space 17536K, 100% used [0x00000000c9a80000, 0x00000000caba0000, 0x00000000caba0000)
  to   space 17536K,   0% used [0x00000000c8960000, 0x00000000c8960000, 0x00000000c9a80000)
 tenured generation   total 351328K, used 218509K [0x00000000d5550000, 0x00000000eac68000, 0x0000000100000000)
   the space 351328K,  62% used [0x00000000d5550000, 0x00000000e2ab3488, 0x00000000e2ab3600, 0x00000000eac68000)
 Metaspace       used 73917K, capacity 76186K, committed 76544K, reserved 1116160K
  class space    used 9629K, capacity 10120K, committed 10240K, reserved 1048576K
Event: 689.255 GC heap after
Heap after GC invocations=232 (full 17):
 def new generation   total 158208K, used 17535K [0x00000000c0000000, 0x00000000caba0000, 0x00000000d5550000)
  eden space 140672K,   0% used [0x00000000c0000000, 0x00000000c0000000, 0x00000000c8960000)
  from space 17536K,  99% used [0x00000000c8960000, 0x00000000c9a7fff8, 0x00000000c9a80000)
  to   space 17536K,   0% used [0x00000000c9a80000, 0x00000000c9a80000, 0x00000000caba0000)
 tenured generation   total 351328K, used 250858K [0x00000000d5550000, 0x00000000eac68000, 0x0000000100000000)
   the space 351328K,  71% used [0x00000000d5550000, 0x00000000e4a4a868, 0x00000000e4a4aa00, 0x00000000eac68000)
 Metaspace       used 73917K, capacity 76186K, committed 76544K, reserved 1116160K
  class space    used 9629K, capacity 10120K, committed 10240K, reserved 1048576K
}
Event: 692.277 GC heap before
{Heap before GC invocations=232 (full 17):
 def new generation   total 158208K, used 158207K [0x00000000c0000000, 0x00000000caba0000, 0x00000000d5550000)
  eden space 140672K, 100% used [0x00000000c0000000, 0x00000000c8960000, 0x00000000c8960000)
  from space 17536K,  99% used [0x00000000c8960000, 0x00000000c9a7fff8, 0x00000000c9a80000)
  to   space 17536K,   0% used [0x00000000c9a80000, 0x00000000c9a80000, 0x00000000caba0000)
 tenured generation   total 351328K, used 250858K [0x00000000d5550000, 0x00000000eac68000, 0x0000000100000000)
   the space 351328K,  71% used [0x00000000d5550000, 0x00000000e4a4a868, 0x00000000e4a4aa00, 0x00000000eac68000)
 Metaspace       used 73917K, capacity 76186K, committed 76544K, reserved 1116160K
  class space    used 9629K, capacity 10120K, committed 10240K, reserved 1048576K
Event: 693.099 GC heap after
Heap after GC invocations=233 (full 17):
 def new generation   total 158208K, used 17536K [0x00000000c0000000, 0x00000000caba0000, 0x00000000d5550000)
  eden space 140672K,   0% used [0x00000000c0000000, 0x00000000c0000000, 0x00000000c8960000)
  from space 17536K, 100% used [0x00000000c9a80000, 0x00000000caba0000, 0x00000000caba0000)
  to   space 17536K,   0% used [0x00000000c8960000, 0x00000000c8960000, 0x00000000c9a80000)
 tenured generation   total 351328K, used 283149K [0x00000000d5550000, 0x00000000eac68000, 0x0000000100000000)
   the space 351328K,  80% used [0x00000000d5550000, 0x00000000e69d3618, 0x00000000e69d3800, 0x00000000eac68000)
 Metaspace       used 73917K, capacity 76186K, committed 76544K, reserved 1116160K
  class space    used 9629K, capacity 10120K, committed 10240K, reserved 1048576K
}
Event: 695.431 GC heap before
{Heap before GC invocations=233 (full 17):
 def new generation   total 158208K, used 158208K [0x00000000c0000000, 0x00000000caba0000, 0x00000000d5550000)
  eden space 140672K, 100% used [0x00000000c0000000, 0x00000000c8960000, 0x00000000c8960000)
  from space 17536K, 100% used [0x00000000c9a80000, 0x00000000caba0000, 0x00000000caba0000)
  to   space 17536K,   0% used [0x00000000c8960000, 0x00000000c8960000, 0x00000000c9a80000)
 tenured generation   total 351328K, used 283149K [0x00000000d5550000, 0x00000000eac68000, 0x0000000100000000)
   the space 351328K,  80% used [0x00000000d5550000, 0x00000000e69d3618, 0x00000000e69d3800, 0x00000000eac68000)
 Metaspace       used 73917K, capacity 76186K, committed 76544K, reserved 1116160K
  class space    used 9629K, capacity 10120K, committed 10240K, reserved 1048576K
Event: 696.783 GC heap after
Heap after GC invocations=234 (full 17):
 def new generation   total 158208K, used 17536K [0x00000000c0000000, 0x00000000caba0000, 0x00000000d5550000)
  eden space 140672K,   0% used [0x00000000c0000000, 0x00000000c0000000, 0x00000000c8960000)
  from space 17536K, 100% used [0x00000000c8960000, 0x00000000c9a80000, 0x00000000c9a80000)
  to   space 17536K,   0% used [0x00000000c9a80000, 0x00000000c9a80000, 0x00000000caba0000)
 tenured generation   total 351328K, used 315712K [0x00000000d5550000, 0x00000000eac68000, 0x0000000100000000)
   the space 351328K,  89% used [0x00000000d5550000, 0x00000000e89a0108, 0x00000000e89a0200, 0x00000000eac68000)
 Metaspace       used 73917K, capacity 76186K, committed 76544K, reserved 1116160K
  class space    used 9629K, capacity 10120K, committed 10240K, reserved 1048576K
}
Event: 698.868 GC heap before
{Heap before GC invocations=234 (full 17):
 def new generation   total 158208K, used 158208K [0x00000000c0000000, 0x00000000caba0000, 0x00000000d5550000)
  eden space 140672K, 100% used [0x00000000c0000000, 0x00000000c8960000, 0x00000000c8960000)
  from space 17536K, 100% used [0x00000000c8960000, 0x00000000c9a80000, 0x00000000c9a80000)
  to   space 17536K,   0% used [0x00000000c9a80000, 0x00000000c9a80000, 0x00000000caba0000)
 tenured generation   total 351328K, used 315712K [0x00000000d5550000, 0x00000000eac68000, 0x0000000100000000)
   the space 351328K,  89% used [0x00000000d5550000, 0x00000000e89a0108, 0x00000000e89a0200, 0x00000000eac68000)
 Metaspace       used 73917K, capacity 76186K, committed 76544K, reserved 1116160K
  class space    used 9629K, capacity 10120K, committed 10240K, reserved 1048576K
Event: 700.326 GC heap after
Heap after GC invocations=235 (full 17):
 def new generation   total 158208K, used 17535K [0x00000000c0000000, 0x00000000caba0000, 0x00000000d5550000)
  eden space 140672K,   0% used [0x00000000c0000000, 0x00000000c0000000, 0x00000000c8960000)
  from space 17536K,  99% used [0x00000000c9a80000, 0x00000000cab9fff8, 0x00000000caba0000)
  to   space 17536K,   0% used [0x00000000c8960000, 0x00000000c8960000, 0x00000000c9a80000)
 tenured generation   total 351328K, used 349041K [0x00000000d5550000, 0x00000000eac68000, 0x0000000100000000)
   the space 351328K,  99% used [0x00000000d5550000, 0x00000000eaa2c5f8, 0x00000000eaa2c600, 0x00000000eac68000)
 Metaspace       used 73917K, capacity 76186K, committed 76544K, reserved 1116160K
  class space    used 9629K, capacity 10120K, committed 10240K, reserved 1048576K
}
Event: 702.076 GC heap before
{Heap before GC invocations=235 (full 17):
 def new generation   total 158208K, used 158207K [0x00000000c0000000, 0x00000000caba0000, 0x00000000d5550000)
  eden space 140672K, 100% used [0x00000000c0000000, 0x00000000c8960000, 0x00000000c8960000)
  from space 17536K,  99% used [0x00000000c9a80000, 0x00000000cab9fff8, 0x00000000caba0000)
  to   space 17536K,   0% used [0x00000000c8960000, 0x00000000c8960000, 0x00000000c9a80000)
 tenured generation   total 351328K, used 349041K [0x00000000d5550000, 0x00000000eac68000, 0x0000000100000000)
   the space 351328K,  99% used [0x00000000d5550000, 0x00000000eaa2c5f8, 0x00000000eaa2c600, 0x00000000eac68000)
 Metaspace       used 73918K, capacity 76186K, committed 76544K, reserved 1116160K
  class space    used 9629K, capacity 10120K, committed 10240K, reserved 1048576K

